<?xml version="1.0" encoding="UTF-8"?>
<!-- Generated by org.testng.reporters.JUnitXMLReporter -->
<testsuite ignored="0" hostname="DESKTOP-D4OA6PA" failures="3" tests="3" name="Test" time="63.58" errors="0" timestamp="2022-06-10T21:40:50 ART">
  <testcase classname="com.seleniuim.test.despegarTest" name="ValidarAlojamiendoDespegar" time="13.174">
    <failure type="java.lang.NullPointerException" message="Cannot invoke &amp;quot;org.openqa.selenium.support.ui.WebDriverWait.until(java.util.function.Function)&amp;quot; because &amp;quot;this.wait&amp;quot; is null">
      <![CDATA[java.lang.NullPointerException: Cannot invoke "org.openqa.selenium.support.ui.WebDriverWait.until(java.util.function.Function)" because "this.wait" is null
at pageObjects.despegarResoultsPage.VerDetalles(despegarResoultsPage.java:25)
at com.seleniuim.test.despegarTest.ValidarAlojamiendoDespegar(despegarTest.java:58)
at java.base/java.util.ArrayList.forEach(ArrayList.java:1511)
... Removed 27 stack frames]]>
    </failure>
  </testcase> <!-- ValidarAlojamiendoDespegar -->
  <testcase classname="com.seleniuim.test.despegarTest" name="ValidarAlojamiendoDespegar" time="12.575">
    <failure type="java.lang.NullPointerException" message="Cannot invoke &amp;quot;org.openqa.selenium.support.ui.WebDriverWait.until(java.util.function.Function)&amp;quot; because &amp;quot;this.wait&amp;quot; is null">
      <![CDATA[java.lang.NullPointerException: Cannot invoke "org.openqa.selenium.support.ui.WebDriverWait.until(java.util.function.Function)" because "this.wait" is null
at pageObjects.despegarResoultsPage.VerDetalles(despegarResoultsPage.java:25)
at com.seleniuim.test.despegarTest.ValidarAlojamiendoDespegar(despegarTest.java:58)
at java.base/java.util.ArrayList.forEach(ArrayList.java:1511)
... Removed 27 stack frames]]>
    </failure>
  </testcase> <!-- ValidarAlojamiendoDespegar -->
  <testcase classname="com.seleniuim.test.despegarTest" name="ValidarAlojamiendoDespegar" time="11.595">
    <failure type="java.lang.NullPointerException" message="Cannot invoke &amp;quot;org.openqa.selenium.support.ui.WebDriverWait.until(java.util.function.Function)&amp;quot; because &amp;quot;this.wait&amp;quot; is null">
      <![CDATA[java.lang.NullPointerException: Cannot invoke "org.openqa.selenium.support.ui.WebDriverWait.until(java.util.function.Function)" because "this.wait" is null
at pageObjects.despegarResoultsPage.VerDetalles(despegarResoultsPage.java:25)
at com.seleniuim.test.despegarTest.ValidarAlojamiendoDespegar(despegarTest.java:58)
at java.base/java.util.ArrayList.forEach(ArrayList.java:1511)
... Removed 27 stack frames]]>
    </failure>
  </testcase> <!-- ValidarAlojamiendoDespegar -->
</testsuite> <!-- Test -->
